<?xml version="1.0" encoding="UTF-8"?>
<testsuite name="com.example.ServerTest" tests="1" skipped="0" failures="0" errors="0" timestamp="2026-06-27T13:42:41.512Z" hostname="alpine" time="5.248">
  <properties/>
  <testcase name="test root endpoint" classname="com.example.ServerTest" time="5.22"/>
  <system-out><![CDATA[2026-06-27 13:42:46.003 [DefaultDispatcher-worker-2 @call-context#3] INFO  io.ktor.test - No ktor.deployment.watch patterns specified, automatic reload is not active.
2026-06-27 13:42:46.283 [DefaultDispatcher-worker-2 @call-context#3] INFO  io.ktor.test - Application started in 0.395 seconds.
2026-06-27 13:42:46.298 [DefaultDispatcher-worker-1 @coroutine#5] INFO  io.ktor.test - Responding at http://localhost:80
2026-06-27 13:42:46.301 [DefaultDispatcher-worker-1 @coroutine#5] INFO  io.ktor.test - Responding at https://localhost:443
]]></system-out>
  <system-err><![CDATA[]]></system-err>
</testsuite>
